<?xml version="1.0" encoding="UTF-8"?>
<!-- Generated by org.testng.reporters.JUnitXMLReporter -->
<testsuite ignored="0" hostname="noemi-pohrib" failures="1" tests="1" name="JavaExercises" time="7.031" errors="0" timestamp="2024-09-02T12:47:06 EEST">
  <testcase classname="PageObjectCLass.LoginTest" name="Login" time="0.031">
    <failure type="java.lang.AssertionError" message="expected [Orange HRM] but found [OrangeHRM]">
      <![CDATA[java.lang.AssertionError: expected [Orange HRM] but found [OrangeHRM]
at PageObjectCLass.LoginTest.Login(LoginTest.java:27)
at java.base/java.util.ArrayList.forEach(ArrayList.java:1511)
at com.intellij.rt.testng.IDEARemoteTestNG.run(IDEARemoteTestNG.java:65)
at com.intellij.rt.testng.RemoteTestNGStarter.main(RemoteTestNGStarter.java:105)
... Removed 30 stack frames]]>
    </failure>
  </testcase> <!-- Login -->
</testsuite> <!-- JavaExercises -->
