<?xml version="1.0" encoding="UTF-8"?>
<!-- Generated by org.testng.reporters.JUnitReportReporter -->
<testsuite hostname="noemi-pohrib" failures="0" tests="2" name="AnnotationsTestNG.TestsAnnotations.C3" time="0.006" errors="0" timestamp="2024-08-16T11:01:17 EEST" skipped="0">
  <testcase classname="AnnotationsTestNG.TestsAnnotations.C3" name="CVB" time="0.001"/>
  <testcase classname="AnnotationsTestNG.TestsAnnotations.C3" name="CVB" time="0.005"/>
</testsuite> <!-- AnnotationsTestNG.TestsAnnotations.C3 -->
