<?xml version="1.0" encoding="UTF-8"?>
<!-- Generated by org.testng.reporters.JUnitXMLReporter -->
<testsuite ignored="0" hostname="noemi-pohrib" failures="0" tests="2" name="/home/noemi/Desktop/Project IntelliJ/JavaExercises/src/test/java/AnnotationsTestNG/TestsAnnotations" time="0.1" errors="0" timestamp="2024-08-16T10:44:27 EEST">
  <testcase classname="AnnotationsTestNG.TestsAnnotations.C1" name="abc" time="0.002"/>
  <testcase classname="AnnotationsTestNG.TestsAnnotations.C2" name="xzy" time="0.001"/>
</testsuite> <!-- /home/noemi/Desktop/Project IntelliJ/JavaExercises/src/test/java/AnnotationsTestNG/TestsAnnotations -->
