<?xml version="1.0" encoding="UTF-8"?>
<!-- Generated by org.testng.reporters.JUnitXMLReporter -->
<testsuite ignored="0" hostname="noemi-pohrib" failures="0" tests="1" name="/home/noemi/Desktop/Project IntelliJ/JavaExercises/src/test/java/PageObjectCLass/LoginTest.java" time="9.538" errors="0" timestamp="2024-08-20T13:03:55 EEST">
  <testcase classname="PageObjectCLass.LoginTest" name="Login" time="1.815"/>
</testsuite> <!-- /home/noemi/Desktop/Project IntelliJ/JavaExercises/src/test/java/PageObjectCLass/LoginTest.java -->
