<?xml version="1.0" encoding="UTF-8"?>
<!-- Generated by org.testng.reporters.JUnitXMLReporter -->
<testsuite ignored="0" hostname="noemi-pohrib" failures="0" tests="2" name="/home/noemi/Desktop/Project IntelliJ/JavaExercises/src/test/java/AnnotationsTestNG/AllAnnotations.java" time="0.087" errors="0" timestamp="2024-08-16T11:11:32 EEST">
  <testcase classname="AnnotationsTestNG.AllAnnotations" name="abc" time="0.004"/>
  <testcase classname="AnnotationsTestNG.AllAnnotations" name="xzy" time="0.0"/>
</testsuite> <!-- /home/noemi/Desktop/Project IntelliJ/JavaExercises/src/test/java/AnnotationsTestNG/AllAnnotations.java -->
