<?xml version="1.0" encoding="UTF-8"?>
<!-- Generated by org.testng.reporters.JUnitXMLReporter -->
<testsuite ignored="0" hostname="noemi-pohrib" failures="0" tests="3" name="Test1" time="0.097" errors="0" timestamp="2024-08-16T11:01:17 EEST">
  <testcase classname="AnnotationsTestNG.TestsAnnotations.C1" name="abc" time="0.002"/>
  <testcase classname="AnnotationsTestNG.TestsAnnotations.C2" name="xzy" time="0.002"/>
  <testcase classname="AnnotationsTestNG.TestsAnnotations.C3" name="CVB" time="0.005"/>
</testsuite> <!-- Test1 -->
